This is pdfTeX, Version 3.1415926-2.5-1.40.14 (TeX Live 2013) (format=pdflatex 2013.5.30)  8 DEC 2013 18:11
entering extended mode
 restricted \write18 enabled.
 file:line:error style messages enabled.
 %&-line parsing enabled.
**cheat_sheet.tex
(./cheat_sheet.tex
LaTeX2e <2011/06/27>
Babel <3.9f> and hyphenation patterns for 78 languages loaded.
(/usr/local/texlive/2013/texmf-dist/tex/latex/base/article.cls
Document Class: article 2007/10/19 v1.4h Standard LaTeX document class
(/usr/local/texlive/2013/texmf-dist/tex/latex/base/size10.clo
File: size10.clo 2007/10/19 v1.4h Standard LaTeX file (size option)
)
\c@part=\count79
\c@section=\count80
\c@subsection=\count81
\c@subsubsection=\count82
\c@paragraph=\count83
\c@subparagraph=\count84
\c@figure=\count85
\c@table=\count86
\abovecaptionskip=\skip41
\belowcaptionskip=\skip42
\bibindent=\dimen102
)
(/usr/local/texlive/2013/texmf-dist/tex/latex/tools/multicol.sty
Package: multicol 2011/06/27 v1.7a multicolumn formatting (FMi)
\c@tracingmulticols=\count87
\mult@box=\box26
\multicol@leftmargin=\dimen103
\c@unbalance=\count88
\c@collectmore=\count89
\doublecol@number=\count90
\multicoltolerance=\count91
\multicolpretolerance=\count92
\full@width=\dimen104
\page@free=\dimen105
\premulticols=\dimen106
\postmulticols=\dimen107
\multicolsep=\skip43
\multicolbaselineskip=\skip44
\partial@page=\box27
\last@line=\box28
\mult@rightbox=\box29
\mult@grightbox=\box30
\mult@gfirstbox=\box31
\mult@firstbox=\box32
\@tempa=\box33
\@tempa=\box34
\@tempa=\box35
\@tempa=\box36
\@tempa=\box37
\@tempa=\box38
\@tempa=\box39
\@tempa=\box40
\@tempa=\box41
\@tempa=\box42
\@tempa=\box43
\@tempa=\box44
\@tempa=\box45
\@tempa=\box46
\@tempa=\box47
\@tempa=\box48
\@tempa=\box49
\c@columnbadness=\count93
\c@finalcolumnbadness=\count94
\last@try=\dimen108
\multicolovershoot=\dimen109
\multicolundershoot=\dimen110
\mult@nat@firstbox=\box50
\colbreak@box=\box51
\multicol@sort@counter=\count95
)
(/usr/local/texlive/2013/texmf-dist/tex/latex/tools/calc.sty
Package: calc 2007/08/22 v4.3 Infix arithmetic (KKT,FJ)
\calc@Acount=\count96
\calc@Bcount=\count97
\calc@Adimen=\dimen111
\calc@Bdimen=\dimen112
\calc@Askip=\skip45
\calc@Bskip=\skip46
LaTeX Info: Redefining \setlength on input line 76.
LaTeX Info: Redefining \addtolength on input line 77.
\calc@Ccount=\count98
\calc@Cskip=\skip47
)
(/usr/local/texlive/2013/texmf-dist/tex/latex/setspace/setspace.sty
Package: setspace 2011/12/19 v6.7a set line spacing
)
(/usr/local/texlive/2013/texmf-dist/tex/latex/base/ifthen.sty
Package: ifthen 2001/05/26 v1.1c Standard LaTeX ifthen package (DPC)
)
(/usr/local/texlive/2013/texmf-dist/tex/latex/geometry/geometry.sty
Package: geometry 2010/09/12 v5.6 Page Geometry

(/usr/local/texlive/2013/texmf-dist/tex/latex/graphics/keyval.sty
Package: keyval 1999/03/16 v1.13 key=value parser (DPC)
\KV@toks@=\toks14
)
(/usr/local/texlive/2013/texmf-dist/tex/generic/oberdiek/ifpdf.sty
Package: ifpdf 2011/01/30 v2.3 Provides the ifpdf switch (HO)
Package ifpdf Info: pdfTeX in PDF mode is detected.
)
(/usr/local/texlive/2013/texmf-dist/tex/generic/oberdiek/ifvtex.sty
Package: ifvtex 2010/03/01 v1.5 Detect VTeX and its facilities (HO)
Package ifvtex Info: VTeX not detected.
)
(/usr/local/texlive/2013/texmf-dist/tex/generic/ifxetex/ifxetex.sty
Package: ifxetex 2010/09/12 v0.6 Provides ifxetex conditional
)
\Gm@cnth=\count99
\Gm@cntv=\count100
\c@Gm@tempcnt=\count101
\Gm@bindingoffset=\dimen113
\Gm@wd@mp=\dimen114
\Gm@odd@mp=\dimen115
\Gm@even@mp=\dimen116
\Gm@layoutwidth=\dimen117
\Gm@layoutheight=\dimen118
\Gm@layouthoffset=\dimen119
\Gm@layoutvoffset=\dimen120
\Gm@dimlist=\toks15
)
(/usr/local/texlive/2013/texmf-dist/tex/latex/graphics/graphicx.sty
Package: graphicx 1999/02/16 v1.0f Enhanced LaTeX Graphics (DPC,SPQR)

(/usr/local/texlive/2013/texmf-dist/tex/latex/graphics/graphics.sty
Package: graphics 2009/02/05 v1.0o Standard LaTeX Graphics (DPC,SPQR)

(/usr/local/texlive/2013/texmf-dist/tex/latex/graphics/trig.sty
Package: trig 1999/03/16 v1.09 sin cos tan (DPC)
)
(/usr/local/texlive/2013/texmf-dist/tex/latex/latexconfig/graphics.cfg
File: graphics.cfg 2010/04/23 v1.9 graphics configuration of TeX Live
)
Package graphics Info: Driver file: pdftex.def on input line 91.

(/usr/local/texlive/2013/texmf-dist/tex/latex/pdftex-def/pdftex.def
File: pdftex.def 2011/05/27 v0.06d Graphics/color for pdfTeX

(/usr/local/texlive/2013/texmf-dist/tex/generic/oberdiek/infwarerr.sty
Package: infwarerr 2010/04/08 v1.3 Providing info/warning/error messages (HO)
)
(/usr/local/texlive/2013/texmf-dist/tex/generic/oberdiek/ltxcmds.sty
Package: ltxcmds 2011/11/09 v1.22 LaTeX kernel commands for general use (HO)
)
\Gread@gobject=\count102
))
\Gin@req@height=\dimen121
\Gin@req@width=\dimen122
)
(./cheat_sheet.aux)
\openout1 = `cheat_sheet.aux'.

LaTeX Font Info:    Checking defaults for OML/cmm/m/it on input line 36.
LaTeX Font Info:    ... okay on input line 36.
LaTeX Font Info:    Checking defaults for T1/cmr/m/n on input line 36.
LaTeX Font Info:    ... okay on input line 36.
LaTeX Font Info:    Checking defaults for OT1/cmr/m/n on input line 36.
LaTeX Font Info:    ... okay on input line 36.
LaTeX Font Info:    Checking defaults for OMS/cmsy/m/n on input line 36.
LaTeX Font Info:    ... okay on input line 36.
LaTeX Font Info:    Checking defaults for OMX/cmex/m/n on input line 36.
LaTeX Font Info:    ... okay on input line 36.
LaTeX Font Info:    Checking defaults for U/cmr/m/n on input line 36.
LaTeX Font Info:    ... okay on input line 36.

*geometry* driver: auto-detecting
*geometry* detected driver: pdftex
*geometry* verbose mode - [ preamble ] result:
* driver: pdftex
* paper: <default>
* layout: <same size as paper>
* layoutoffset:(h,v)=(0.0pt,0.0pt)
* modes: landscape 
* h-part:(L,W,R)=(14.45377pt, 766.06245pt, 14.45377pt)
* v-part:(T,H,B)=(14.45377pt, 585.38747pt, 14.45377pt)
* \paperwidth=794.96999pt
* \paperheight=614.295pt
* \textwidth=766.06245pt
* \textheight=585.38747pt
* \oddsidemargin=-57.81622pt
* \evensidemargin=-57.81622pt
* \topmargin=-94.81622pt
* \headheight=12.0pt
* \headsep=25.0pt
* \topskip=10.0pt
* \footskip=30.0pt
* \marginparwidth=144.0pt
* \marginparsep=11.0pt
* \columnsep=10.0pt
* \skip\footins=9.0pt plus 4.0pt minus 2.0pt
* \hoffset=0.0pt
* \voffset=0.0pt
* \mag=1000
* \@twocolumnfalse
* \@twosidefalse
* \@mparswitchfalse
* \@reversemarginfalse
* (1in=72.27pt=25.4mm, 1cm=28.453pt)

(/usr/local/texlive/2013/texmf-dist/tex/context/base/supp-pdf.mkii
[Loading MPS to PDF converter (version 2006.09.02).]
\scratchcounter=\count103
\scratchdimen=\dimen123
\scratchbox=\box52
\nofMPsegments=\count104
\nofMParguments=\count105
\everyMPshowfont=\toks16
\MPscratchCnt=\count106
\MPscratchDim=\dimen124
\MPnumerator=\count107
\makeMPintoPDFobject=\count108
\everyMPtoPDFconversion=\toks17
) (/usr/local/texlive/2013/texmf-dist/tex/generic/oberdiek/pdftexcmds.sty
Package: pdftexcmds 2011/11/29 v0.20 Utility functions of pdfTeX for LuaTeX (HO
)

(/usr/local/texlive/2013/texmf-dist/tex/generic/oberdiek/ifluatex.sty
Package: ifluatex 2010/03/01 v1.3 Provides the ifluatex switch (HO)
Package ifluatex Info: LuaTeX not detected.
)
Package pdftexcmds Info: LuaTeX not detected.
Package pdftexcmds Info: \pdf@primitive is available.
Package pdftexcmds Info: \pdf@ifprimitive is available.
Package pdftexcmds Info: \pdfdraftmode found.
)
(/usr/local/texlive/2013/texmf-dist/tex/latex/oberdiek/epstopdf-base.sty
Package: epstopdf-base 2010/02/09 v2.5 Base part for package epstopdf

(/usr/local/texlive/2013/texmf-dist/tex/latex/oberdiek/grfext.sty
Package: grfext 2010/08/19 v1.1 Manage graphics extensions (HO)

(/usr/local/texlive/2013/texmf-dist/tex/generic/oberdiek/kvdefinekeys.sty
Package: kvdefinekeys 2011/04/07 v1.3 Define keys (HO)
))
(/usr/local/texlive/2013/texmf-dist/tex/latex/oberdiek/kvoptions.sty
Package: kvoptions 2011/06/30 v3.11 Key value format for package options (HO)

(/usr/local/texlive/2013/texmf-dist/tex/generic/oberdiek/kvsetkeys.sty
Package: kvsetkeys 2012/04/25 v1.16 Key value parser (HO)

(/usr/local/texlive/2013/texmf-dist/tex/generic/oberdiek/etexcmds.sty
Package: etexcmds 2011/02/16 v1.5 Avoid name clashes with e-TeX commands (HO)
Package etexcmds Info: Could not find \expanded.
(etexcmds)             That can mean that you are not using pdfTeX 1.50 or
(etexcmds)             that some package has redefined \expanded.
(etexcmds)             In the latter case, load this package earlier.
)))
Package grfext Info: Graphics extension search list:
(grfext)             [.png,.pdf,.jpg,.mps,.jpeg,.jbig2,.jb2,.PNG,.PDF,.JPG,.JPE
G,.JBIG2,.JB2,.eps]
(grfext)             \AppendGraphicsExtensions on input line 452.

(/usr/local/texlive/2013/texmf-dist/tex/latex/latexconfig/epstopdf-sys.cfg
File: epstopdf-sys.cfg 2010/07/13 v1.3 Configuration of (r)epstopdf for TeX Liv
e
))
Overfull \vbox (109.94435pt too high) has occurred while \output is active []


Overfull \vbox (148.94435pt too high) has occurred while \output is active []


Overfull \vbox (147.94435pt too high) has occurred while \output is active []


Overfull \vbox (146.94435pt too high) has occurred while \output is active []


Overfull \vbox (145.94435pt too high) has occurred while \output is active []


Overfull \vbox (144.94435pt too high) has occurred while \output is active []


Overfull \vbox (143.94435pt too high) has occurred while \output is active []


Overfull \vbox (142.94435pt too high) has occurred while \output is active []


Overfull \vbox (141.94435pt too high) has occurred while \output is active []


Overfull \vbox (140.94435pt too high) has occurred while \output is active []


Overfull \vbox (139.94435pt too high) has occurred while \output is active []


Overfull \vbox (138.94435pt too high) has occurred while \output is active []


Overfull \vbox (137.94435pt too high) has occurred while \output is active []


Overfull \vbox (136.94435pt too high) has occurred while \output is active []


Overfull \vbox (135.94435pt too high) has occurred while \output is active []


Overfull \vbox (134.94435pt too high) has occurred while \output is active []


Overfull \vbox (133.94435pt too high) has occurred while \output is active []


Overfull \vbox (132.94435pt too high) has occurred while \output is active []


Overfull \vbox (131.94435pt too high) has occurred while \output is active []


Overfull \vbox (130.94435pt too high) has occurred while \output is active []


Overfull \vbox (129.94435pt too high) has occurred while \output is active []


Overfull \vbox (128.94435pt too high) has occurred while \output is active []


Overfull \vbox (127.94435pt too high) has occurred while \output is active []


Overfull \vbox (126.94435pt too high) has occurred while \output is active []


Overfull \vbox (125.94435pt too high) has occurred while \output is active []


Overfull \vbox (124.94435pt too high) has occurred while \output is active []


Overfull \vbox (123.94435pt too high) has occurred while \output is active []


Overfull \vbox (122.94435pt too high) has occurred while \output is active []


Overfull \vbox (121.94435pt too high) has occurred while \output is active []


Overfull \vbox (120.94435pt too high) has occurred while \output is active []


Overfull \vbox (119.94435pt too high) has occurred while \output is active []


Overfull \vbox (118.94435pt too high) has occurred while \output is active []


Overfull \vbox (117.94435pt too high) has occurred while \output is active []


Overfull \vbox (116.94435pt too high) has occurred while \output is active []


Overfull \vbox (115.94435pt too high) has occurred while \output is active []


Overfull \vbox (114.94435pt too high) has occurred while \output is active []


Overfull \vbox (113.94435pt too high) has occurred while \output is active []


Overfull \vbox (112.94435pt too high) has occurred while \output is active []


Overfull \vbox (111.94435pt too high) has occurred while \output is active []


Overfull \vbox (110.94435pt too high) has occurred while \output is active []


Overfull \vbox (109.94435pt too high) has occurred while \output is active []


Overfull \vbox (108.94435pt too high) has occurred while \output is active []


Overfull \vbox (107.94435pt too high) has occurred while \output is active []


Overfull \vbox (106.94435pt too high) has occurred while \output is active []


Overfull \vbox (105.94435pt too high) has occurred while \output is active []


Overfull \vbox (104.94435pt too high) has occurred while \output is active []


Overfull \vbox (103.94435pt too high) has occurred while \output is active []


Overfull \vbox (102.94435pt too high) has occurred while \output is active []


Overfull \vbox (101.94435pt too high) has occurred while \output is active []


Overfull \vbox (100.94435pt too high) has occurred while \output is active []


Overfull \vbox (99.94435pt too high) has occurred while \output is active []


Overfull \vbox (98.94435pt too high) has occurred while \output is active []


Overfull \vbox (97.94435pt too high) has occurred while \output is active []


Overfull \vbox (96.94435pt too high) has occurred while \output is active []


Overfull \vbox (95.94435pt too high) has occurred while \output is active []


Overfull \vbox (94.94435pt too high) has occurred while \output is active []


Overfull \vbox (93.94435pt too high) has occurred while \output is active []


Overfull \vbox (92.94435pt too high) has occurred while \output is active []


Overfull \vbox (91.94435pt too high) has occurred while \output is active []


Overfull \vbox (90.94435pt too high) has occurred while \output is active []


Overfull \vbox (89.94435pt too high) has occurred while \output is active []


Overfull \vbox (88.94435pt too high) has occurred while \output is active []


Overfull \vbox (87.94435pt too high) has occurred while \output is active []


Overfull \vbox (86.94435pt too high) has occurred while \output is active []


Overfull \vbox (85.94435pt too high) has occurred while \output is active []


Overfull \vbox (84.94435pt too high) has occurred while \output is active []


Overfull \vbox (83.94435pt too high) has occurred while \output is active []


Overfull \vbox (82.94435pt too high) has occurred while \output is active []


Overfull \vbox (81.94435pt too high) has occurred while \output is active []


Overfull \vbox (80.94435pt too high) has occurred while \output is active []


Overfull \vbox (79.94435pt too high) has occurred while \output is active []


Overfull \vbox (78.94435pt too high) has occurred while \output is active []


Overfull \vbox (77.94435pt too high) has occurred while \output is active []


Overfull \vbox (76.94435pt too high) has occurred while \output is active []


Overfull \vbox (75.94435pt too high) has occurred while \output is active []


Overfull \vbox (74.94435pt too high) has occurred while \output is active []


Overfull \vbox (73.94435pt too high) has occurred while \output is active []


Overfull \vbox (72.94435pt too high) has occurred while \output is active []


Overfull \vbox (71.94435pt too high) has occurred while \output is active []


Overfull \vbox (70.94435pt too high) has occurred while \output is active []


Overfull \vbox (69.94435pt too high) has occurred while \output is active []


Overfull \vbox (68.94435pt too high) has occurred while \output is active []


Overfull \vbox (67.94435pt too high) has occurred while \output is active []


Overfull \vbox (66.94435pt too high) has occurred while \output is active []


Overfull \vbox (65.94435pt too high) has occurred while \output is active []


Overfull \vbox (64.94435pt too high) has occurred while \output is active []


Overfull \vbox (63.94435pt too high) has occurred while \output is active []


Overfull \vbox (62.94435pt too high) has occurred while \output is active []


Overfull \vbox (61.94435pt too high) has occurred while \output is active []


Overfull \vbox (60.94435pt too high) has occurred while \output is active []


Overfull \vbox (59.94435pt too high) has occurred while \output is active []


Overfull \vbox (58.94435pt too high) has occurred while \output is active []


Overfull \vbox (57.94435pt too high) has occurred while \output is active []


Overfull \vbox (56.94435pt too high) has occurred while \output is active []


Overfull \vbox (55.94435pt too high) has occurred while \output is active []


Overfull \vbox (54.94435pt too high) has occurred while \output is active []


Overfull \vbox (53.94435pt too high) has occurred while \output is active []


Overfull \vbox (52.94435pt too high) has occurred while \output is active []


Overfull \vbox (51.94435pt too high) has occurred while \output is active []


Overfull \vbox (50.94435pt too high) has occurred while \output is active []


Overfull \vbox (49.94435pt too high) has occurred while \output is active []


Overfull \vbox (48.94435pt too high) has occurred while \output is active []


Overfull \vbox (47.94435pt too high) has occurred while \output is active []


Overfull \vbox (46.94435pt too high) has occurred while \output is active []


Overfull \vbox (45.94435pt too high) has occurred while \output is active []


Overfull \vbox (44.94435pt too high) has occurred while \output is active []


Overfull \vbox (43.94435pt too high) has occurred while \output is active []


Overfull \vbox (42.94435pt too high) has occurred while \output is active []


Overfull \vbox (41.94435pt too high) has occurred while \output is active []


Overfull \vbox (40.94435pt too high) has occurred while \output is active []


Overfull \vbox (39.94435pt too high) has occurred while \output is active []


Overfull \vbox (38.94435pt too high) has occurred while \output is active []


Overfull \vbox (37.94435pt too high) has occurred while \output is active []


Overfull \vbox (36.94435pt too high) has occurred while \output is active []


Overfull \vbox (35.94435pt too high) has occurred while \output is active []


Overfull \vbox (34.94435pt too high) has occurred while \output is active []


Overfull \vbox (33.94435pt too high) has occurred while \output is active []


Overfull \vbox (32.94435pt too high) has occurred while \output is active []


Overfull \vbox (31.94435pt too high) has occurred while \output is active []


Overfull \vbox (30.94435pt too high) has occurred while \output is active []


Overfull \vbox (29.94435pt too high) has occurred while \output is active []


Overfull \vbox (28.94435pt too high) has occurred while \output is active []


[1

{/usr/local/texlive/2013/texmf-var/fonts/map/pdftex/updmap/pdftex.map}]
(./cheat_sheet.aux) ) 
Here is how much of TeX's memory you used:
 2194 strings out of 493315
 31918 string characters out of 6137904
 97833 words of memory out of 5000000
 5640 multiletter control sequences out of 15000+600000
 5457 words of font info for 20 fonts, out of 8000000 for 9000
 957 hyphenation exceptions out of 8191
 37i,4n,23p,237b,204s stack positions out of 5000i,500n,10000p,200000b,80000s
</usr/local/texlive/2013/texmf-dist/fonts/type1/public/ams
fonts/cm/cmbx10.pfb></usr/local/texlive/2013/texmf-dist/fonts/type1/public/amsf
onts/cm/cmbx12.pfb>
Output written on cheat_sheet.pdf (1 page, 24028 bytes).
PDF statistics:
 16 PDF objects out of 1000 (max. 8388607)
 10 compressed objects within 1 object stream
 0 named destinations out of 1000 (max. 500000)
 1 words of extra memory for PDF output out of 10000 (max. 10000000)

